
Name function: hello_world
current date: 18/04/2023 18:44:50
arguments: () and {}
function return: Hello World

Name function: summator
current date: 18/04/2023 18:44:50
arguments: (2, 2) and {}
function return: 4

Name function: div
current date: 18/04/2023 18:44:50
arguments: (6, 2) and {}
function return: 3.0

Name function: summator
current date: 18/04/2023 18:44:50
arguments: (4.3,) and {'b': 2.2}
function return: 6.5

Name function: summator
current date: 18/04/2023 18:44:50
arguments: () and {'a': 0, 'b': 0}
function return: 0
